# JRE version: OpenJDK Runtime Environment Temurin-17.0.6+10 (17.0.6+10) (build 17.0.6+10)
# Java VM: OpenJDK 64-Bit Server VM Temurin-17.0.6+10 (17.0.6+10, mixed mode, emulated-client, tiered, compressed oops, compressed class ptrs, g1 gc, windows-amd64)
GC Precious Log:
 CPUs: 8 total, 8 available
 Memory: 6018M
 Large Page Support: Disabled
 NUMA Support: Disabled
 Compressed Oops: Enabled (32-bit)
 Heap Region Size: 1M
 Heap Min Capacity: 8M
 Heap Initial Capacity: 96M
 Heap Max Capacity: 1G
 Pre-touch: Disabled
 Parallel Workers: 8
 Concurrent Workers: 2
 Concurrent Refinement Workers: 8
 Periodic GC: Disabled
Heap:
 garbage-first heap   total 79872K, used 27629K [0x00000000c0000000, 0x0000000100000000)
  region size 1024K, 1 young (1024K), 0 survivors (0K)
 Metaspace       used 53865K, committed 54272K, reserved 1097728K
  class space    used 6845K, committed 7040K, reserved 1048576K
GC Heap History (20 events):
Event: 4308.570 GC heap before
{Heap before GC invocations=340 (full 272):
 garbage-first heap   total 79872K, used 27629K [0x00000000c0000000, 0x0000000100000000)
  region size 1024K, 1 young (1024K), 0 survivors (0K)
 Metaspace       used 53865K, committed 54272K, reserved 1097728K
  class space    used 6845K, committed 7040K, reserved 1048576K
}
Event: 4308.624 GC heap after
{Heap after GC invocations=341 (full 273):
 garbage-first heap   total 79872K, used 27629K [0x00000000c0000000, 0x0000000100000000)
  region size 1024K, 0 young (0K), 0 survivors (0K)
 Metaspace       used 53865K, committed 54272K, reserved 1097728K
  class space    used 6845K, committed 7040K, reserved 1048576K
}
Event: 4319.007 GC heap before
{Heap before GC invocations=341 (full 273):
 garbage-first heap   total 79872K, used 27629K [0x00000000c0000000, 0x0000000100000000)
  region size 1024K, 1 young (1024K), 0 survivors (0K)
 Metaspace       used 53865K, committed 54272K, reserved 1097728K
  class space    used 6845K, committed 7040K, reserved 1048576K
}
Event: 4319.060 GC heap after
{Heap after GC invocations=342 (full 274):
 garbage-first heap   total 79872K, used 27629K [0x00000000c0000000, 0x0000000100000000)
  region size 1024K, 0 young (0K), 0 survivors (0K)
 Metaspace       used 53865K, committed 54272K, reserved 1097728K
  class space    used 6845K, committed 7040K, reserved 1048576K
}
Event: 4329.457 GC heap before
{Heap before GC invocations=342 (full 274):
 garbage-first heap   total 79872K, used 27629K [0x00000000c0000000, 0x0000000100000000)
  region size 1024K, 1 young (1024K), 0 survivors (0K)
 Metaspace       used 53865K, committed 54272K, reserved 1097728K
  class space    used 6845K, committed 7040K, reserved 1048576K
}
Event: 4329.521 GC heap after
{Heap after GC invocations=343 (full 275):
 garbage-first heap   total 79872K, used 27629K [0x00000000c0000000, 0x0000000100000000)
  region size 1024K, 0 young (0K), 0 survivors (0K)
 Metaspace       used 53865K, committed 54272K, reserved 1097728K
  class space    used 6845K, committed 7040K, reserved 1048576K
}
Event: 4339.913 GC heap before
{Heap before GC invocations=343 (full 275):
 garbage-first heap   total 79872K, used 27629K [0x00000000c0000000, 0x0000000100000000)
  region size 1024K, 1 young (1024K), 0 survivors (0K)
 Metaspace       used 53865K, committed 54272K, reserved 1097728K
  class space    used 6845K, committed 7040K, reserved 1048576K
}
Event: 4339.962 GC heap after
{Heap after GC invocations=344 (full 276):
 garbage-first heap   total 79872K, used 27629K [0x00000000c0000000, 0x0000000100000000)
  region size 1024K, 0 young (0K), 0 survivors (0K)
 Metaspace       used 53865K, committed 54272K, reserved 1097728K
  class space    used 6845K, committed 7040K, reserved 1048576K
}
Event: 4350.282 GC heap before
{Heap before GC invocations=344 (full 276):
 garbage-first heap   total 79872K, used 27629K [0x00000000c0000000, 0x0000000100000000)
  region size 1024K, 1 young (1024K), 0 survivors (0K)
 Metaspace       used 53865K, committed 54272K, reserved 1097728K
  class space    used 6845K, committed 7040K, reserved 1048576K
}
Event: 4350.321 GC heap after
{Heap after GC invocations=345 (full 277):
 garbage-first heap   total 79872K, used 27629K [0x00000000c0000000, 0x0000000100000000)
  region size 1024K, 0 young (0K), 0 survivors (0K)
 Metaspace       used 53865K, committed 54272K, reserved 1097728K
  class space    used 6845K, committed 7040K, reserved 1048576K
}
Event: 4360.672 GC heap before
{Heap before GC invocations=345 (full 277):
 garbage-first heap   total 79872K, used 27629K [0x00000000c0000000, 0x0000000100000000)
  region size 1024K, 1 young (1024K), 0 survivors (0K)
 Metaspace       used 53865K, committed 54272K, reserved 1097728K
  class space    used 6845K, committed 7040K, reserved 1048576K
}
Event: 4360.720 GC heap after
{Heap after GC invocations=346 (full 278):
 garbage-first heap   total 79872K, used 27629K [0x00000000c0000000, 0x0000000100000000)
  region size 1024K, 0 young (0K), 0 survivors (0K)
 Metaspace       used 53865K, committed 54272K, reserved 1097728K
  class space    used 6845K, committed 7040K, reserved 1048576K
}
Event: 4371.135 GC heap before
{Heap before GC invocations=346 (full 278):
 garbage-first heap   total 79872K, used 27629K [0x00000000c0000000, 0x0000000100000000)
  region size 1024K, 1 young (1024K), 0 survivors (0K)
 Metaspace       used 53865K, committed 54272K, reserved 1097728K
  class space    used 6845K, committed 7040K, reserved 1048576K
}
Event: 4371.184 GC heap after
{Heap after GC invocations=347 (full 279):
 garbage-first heap   total 79872K, used 27629K [0x00000000c0000000, 0x0000000100000000)
  region size 1024K, 0 young (0K), 0 survivors (0K)
 Metaspace       used 53865K, committed 54272K, reserved 1097728K
  class space    used 6845K, committed 7040K, reserved 1048576K
}
Event: 4381.601 GC heap before
{Heap before GC invocations=347 (full 279):
 garbage-first heap   total 79872K, used 27629K [0x00000000c0000000, 0x0000000100000000)
  region size 1024K, 1 young (1024K), 0 survivors (0K)
 Metaspace       used 53865K, committed 54272K, reserved 1097728K
  class space    used 6845K, committed 7040K, reserved 1048576K
}
Event: 4381.661 GC heap after
{Heap after GC invocations=348 (full 280):
 garbage-first heap   total 79872K, used 27629K [0x00000000c0000000, 0x0000000100000000)
  region size 1024K, 0 young (0K), 0 survivors (0K)
 Metaspace       used 53865K, committed 54272K, reserved 1097728K
  class space    used 6845K, committed 7040K, reserved 1048576K
}
Event: 4392.365 GC heap before
{Heap before GC invocations=348 (full 280):
 garbage-first heap   total 79872K, used 27629K [0x00000000c0000000, 0x0000000100000000)
  region size 1024K, 1 young (1024K), 0 survivors (0K)
 Metaspace       used 53865K, committed 54272K, reserved 1097728K
  class space    used 6845K, committed 7040K, reserved 1048576K
}
Event: 4392.433 GC heap after
{Heap after GC invocations=349 (full 281):
 garbage-first heap   total 79872K, used 27629K [0x00000000c0000000, 0x0000000100000000)
  region size 1024K, 0 young (0K), 0 survivors (0K)
 Metaspace       used 53865K, committed 54272K, reserved 1097728K
  class space    used 6845K, committed 7040K, reserved 1048576K
}
Event: 4403.336 GC heap before
{Heap before GC invocations=349 (full 281):
 garbage-first heap   total 79872K, used 27629K [0x00000000c0000000, 0x0000000100000000)
  region size 1024K, 1 young (1024K), 0 survivors (0K)
 Metaspace       used 53865K, committed 54272K, reserved 1097728K
  class space    used 6845K, committed 7040K, reserved 1048576K
}
Event: 4403.405 GC heap after
{Heap after GC invocations=350 (full 282):
 garbage-first heap   total 79872K, used 27629K [0x00000000c0000000, 0x0000000100000000)
  region size 1024K, 0 young (0K), 0 survivors (0K)
 Metaspace       used 53865K, committed 54272K, reserved 1097728K
  class space    used 6845K, committed 7040K, reserved 1048576K
}

