# JRE version: OpenJDK Runtime Environment Temurin-17.0.6+10 (17.0.6+10) (build 17.0.6+10)
# Java VM: OpenJDK 64-Bit Server VM Temurin-17.0.6+10 (17.0.6+10, mixed mode, emulated-client, tiered, compressed oops, compressed class ptrs, g1 gc, windows-amd64)
GC Precious Log:
 CPUs: 8 total, 8 available
 Memory: 6018M
 Large Page Support: Disabled
 NUMA Support: Disabled
 Compressed Oops: Enabled (32-bit)
 Heap Region Size: 1M
 Heap Min Capacity: 8M
 Heap Initial Capacity: 96M
 Heap Max Capacity: 1G
 Pre-touch: Disabled
 Parallel Workers: 8
 Concurrent Workers: 2
 Concurrent Refinement Workers: 8
 Periodic GC: Disabled
Heap:
 garbage-first heap   total 48128K, used 14531K [0x00000000c0000000, 0x0000000100000000)
  region size 1024K, 1 young (1024K), 0 survivors (0K)
 Metaspace       used 36308K, committed 36672K, reserved 1081344K
  class space    used 4817K, committed 4992K, reserved 1048576K
GC Heap History (20 events):
Event: 10778.189 GC heap before
{Heap before GC invocations=871 (full 545):
 garbage-first heap   total 48128K, used 14531K [0x00000000c0000000, 0x0000000100000000)
  region size 1024K, 1 young (1024K), 0 survivors (0K)
 Metaspace       used 36308K, committed 36672K, reserved 1081344K
  class space    used 4817K, committed 4992K, reserved 1048576K
}
Event: 10778.237 GC heap after
{Heap after GC invocations=872 (full 546):
 garbage-first heap   total 48128K, used 14534K [0x00000000c0000000, 0x0000000100000000)
  region size 1024K, 0 young (0K), 0 survivors (0K)
 Metaspace       used 36308K, committed 36672K, reserved 1081344K
  class space    used 4817K, committed 4992K, reserved 1048576K
}
Event: 10788.647 GC heap before
{Heap before GC invocations=872 (full 546):
 garbage-first heap   total 48128K, used 14534K [0x00000000c0000000, 0x0000000100000000)
  region size 1024K, 1 young (1024K), 0 survivors (0K)
 Metaspace       used 36308K, committed 36672K, reserved 1081344K
  class space    used 4817K, committed 4992K, reserved 1048576K
}
Event: 10788.686 GC heap after
{Heap after GC invocations=873 (full 547):
 garbage-first heap   total 48128K, used 14534K [0x00000000c0000000, 0x0000000100000000)
  region size 1024K, 0 young (0K), 0 survivors (0K)
 Metaspace       used 36308K, committed 36672K, reserved 1081344K
  class space    used 4817K, committed 4992K, reserved 1048576K
}
Event: 10799.259 GC heap before
{Heap before GC invocations=873 (full 547):
 garbage-first heap   total 48128K, used 14534K [0x00000000c0000000, 0x0000000100000000)
  region size 1024K, 1 young (1024K), 0 survivors (0K)
 Metaspace       used 36308K, committed 36672K, reserved 1081344K
  class space    used 4817K, committed 4992K, reserved 1048576K
}
Event: 10799.289 GC heap after
{Heap after GC invocations=874 (full 548):
 garbage-first heap   total 48128K, used 14534K [0x00000000c0000000, 0x0000000100000000)
  region size 1024K, 0 young (0K), 0 survivors (0K)
 Metaspace       used 36308K, committed 36672K, reserved 1081344K
  class space    used 4817K, committed 4992K, reserved 1048576K
}
Event: 10809.700 GC heap before
{Heap before GC invocations=874 (full 548):
 garbage-first heap   total 48128K, used 14534K [0x00000000c0000000, 0x0000000100000000)
  region size 1024K, 1 young (1024K), 0 survivors (0K)
 Metaspace       used 36308K, committed 36672K, reserved 1081344K
  class space    used 4817K, committed 4992K, reserved 1048576K
}
Event: 10809.748 GC heap after
{Heap after GC invocations=875 (full 549):
 garbage-first heap   total 48128K, used 14531K [0x00000000c0000000, 0x0000000100000000)
  region size 1024K, 0 young (0K), 0 survivors (0K)
 Metaspace       used 36308K, committed 36672K, reserved 1081344K
  class space    used 4817K, committed 4992K, reserved 1048576K
}
Event: 10820.122 GC heap before
{Heap before GC invocations=875 (full 549):
 garbage-first heap   total 48128K, used 14531K [0x00000000c0000000, 0x0000000100000000)
  region size 1024K, 1 young (1024K), 0 survivors (0K)
 Metaspace       used 36308K, committed 36672K, reserved 1081344K
  class space    used 4817K, committed 4992K, reserved 1048576K
}
Event: 10820.164 GC heap after
{Heap after GC invocations=876 (full 550):
 garbage-first heap   total 48128K, used 14531K [0x00000000c0000000, 0x0000000100000000)
  region size 1024K, 0 young (0K), 0 survivors (0K)
 Metaspace       used 36308K, committed 36672K, reserved 1081344K
  class space    used 4817K, committed 4992K, reserved 1048576K
}
Event: 10830.635 GC heap before
{Heap before GC invocations=876 (full 550):
 garbage-first heap   total 48128K, used 14531K [0x00000000c0000000, 0x0000000100000000)
  region size 1024K, 1 young (1024K), 0 survivors (0K)
 Metaspace       used 36308K, committed 36672K, reserved 1081344K
  class space    used 4817K, committed 4992K, reserved 1048576K
}
Event: 10830.687 GC heap after
{Heap after GC invocations=877 (full 551):
 garbage-first heap   total 48128K, used 14531K [0x00000000c0000000, 0x0000000100000000)
  region size 1024K, 0 young (0K), 0 survivors (0K)
 Metaspace       used 36308K, committed 36672K, reserved 1081344K
  class space    used 4817K, committed 4992K, reserved 1048576K
}
Event: 10841.120 GC heap before
{Heap before GC invocations=877 (full 551):
 garbage-first heap   total 48128K, used 14531K [0x00000000c0000000, 0x0000000100000000)
  region size 1024K, 1 young (1024K), 0 survivors (0K)
 Metaspace       used 36308K, committed 36672K, reserved 1081344K
  class space    used 4817K, committed 4992K, reserved 1048576K
}
Event: 10841.163 GC heap after
{Heap after GC invocations=878 (full 552):
 garbage-first heap   total 48128K, used 14531K [0x00000000c0000000, 0x0000000100000000)
  region size 1024K, 0 young (0K), 0 survivors (0K)
 Metaspace       used 36308K, committed 36672K, reserved 1081344K
  class space    used 4817K, committed 4992K, reserved 1048576K
}
Event: 10851.588 GC heap before
{Heap before GC invocations=878 (full 552):
 garbage-first heap   total 48128K, used 14531K [0x00000000c0000000, 0x0000000100000000)
  region size 1024K, 1 young (1024K), 0 survivors (0K)
 Metaspace       used 36308K, committed 36672K, reserved 1081344K
  class space    used 4817K, committed 4992K, reserved 1048576K
}
Event: 10851.632 GC heap after
{Heap after GC invocations=879 (full 553):
 garbage-first heap   total 48128K, used 14531K [0x00000000c0000000, 0x0000000100000000)
  region size 1024K, 0 young (0K), 0 survivors (0K)
 Metaspace       used 36308K, committed 36672K, reserved 1081344K
  class space    used 4817K, committed 4992K, reserved 1048576K
}
Event: 10862.039 GC heap before
{Heap before GC invocations=879 (full 553):
 garbage-first heap   total 48128K, used 14531K [0x00000000c0000000, 0x0000000100000000)
  region size 1024K, 1 young (1024K), 0 survivors (0K)
 Metaspace       used 36308K, committed 36672K, reserved 1081344K
  class space    used 4817K, committed 4992K, reserved 1048576K
}
Event: 10862.096 GC heap after
{Heap after GC invocations=880 (full 554):
 garbage-first heap   total 48128K, used 14531K [0x00000000c0000000, 0x0000000100000000)
  region size 1024K, 0 young (0K), 0 survivors (0K)
 Metaspace       used 36308K, committed 36672K, reserved 1081344K
  class space    used 4817K, committed 4992K, reserved 1048576K
}
Event: 10872.986 GC heap before
{Heap before GC invocations=880 (full 554):
 garbage-first heap   total 48128K, used 14531K [0x00000000c0000000, 0x0000000100000000)
  region size 1024K, 1 young (1024K), 0 survivors (0K)
 Metaspace       used 36308K, committed 36672K, reserved 1081344K
  class space    used 4817K, committed 4992K, reserved 1048576K
}
Event: 10873.036 GC heap after
{Heap after GC invocations=881 (full 555):
 garbage-first heap   total 48128K, used 14531K [0x00000000c0000000, 0x0000000100000000)
  region size 1024K, 0 young (0K), 0 survivors (0K)
 Metaspace       used 36308K, committed 36672K, reserved 1081344K
  class space    used 4817K, committed 4992K, reserved 1048576K
}

